<?xml version="1.0" encoding="UTF-8"?>
<testsuite name="com.dev.spring_kafka.SpringKafkaApplicationTests" tests="1" skipped="0" failures="0" errors="0" timestamp="2025-01-10T14:31:18" hostname="Syahirs-MacBook-Pro.local" time="0.737">
  <properties/>
  <testcase name="contextLoads()" classname="com.dev.spring_kafka.SpringKafkaApplicationTests" time="0.737"/>
  <system-out><![CDATA[22:31:17.561 [Test worker] INFO org.springframework.test.context.support.AnnotationConfigContextLoaderUtils -- Could not detect default configuration classes for test class [com.dev.spring_kafka.SpringKafkaApplicationTests]: SpringKafkaApplicationTests does not declare any static, non-private, non-final, nested classes annotated with @Configuration.
22:31:17.647 [Test worker] INFO org.springframework.boot.test.context.SpringBootTestContextBootstrapper -- Found @SpringBootConfiguration com.dev.spring_kafka.SpringKafkaApplication for test class com.dev.spring_kafka.SpringKafkaApplicationTests

  .   ____          _            __ _ _
 /\\ / ___'_ __ _ _(_)_ __  __ _ \ \ \ \
( ( )\___ | '_ | '_| | '_ \/ _` | \ \ \ \
 \\/  ___)| |_)| | | | | || (_| |  ) ) ) )
  '  |____| .__|_| |_|_| |_\__, | / / / /
 =========|_|==============|___/=/_/_/_/

 :: Spring Boot ::                (v3.4.1)

2025-01-10T22:31:17.998+08:00  INFO 2676 --- [spring-kafka] [    Test worker] c.d.s.SpringKafkaApplicationTests        : Starting SpringKafkaApplicationTests using Java 21.0.5 with PID 2676 (started by syahirghariff in /Users/syahirghariff/Developer/spring-kafka)
2025-01-10T22:31:18.000+08:00  INFO 2676 --- [spring-kafka] [    Test worker] c.d.s.SpringKafkaApplicationTests        : No active profile set, falling back to 1 default profile: "default"
2025-01-10T22:31:18.600+08:00  INFO 2676 --- [spring-kafka] [    Test worker] c.d.s.SpringKafkaApplicationTests        : Started SpringKafkaApplicationTests in 0.847 seconds (process running for 1.729)
]]></system-out>
  <system-err><![CDATA[Mockito is currently self-attaching to enable the inline-mock-maker. This will no longer work in future releases of the JDK. Please add Mockito as an agent to your build what is described in Mockito's documentation: https://javadoc.io/doc/org.mockito/mockito-core/latest/org/mockito/Mockito.html#0.3
WARNING: A Java agent has been loaded dynamically (/Users/syahirghariff/.gradle/caches/modules-2/files-2.1/net.bytebuddy/byte-buddy-agent/1.15.11/a38b16385e867f59a641330f0362ebe742788ed8/byte-buddy-agent-1.15.11.jar)
WARNING: If a serviceability tool is in use, please run with -XX:+EnableDynamicAgentLoading to hide this warning
WARNING: If a serviceability tool is not in use, please run with -Djdk.instrument.traceUsage for more information
WARNING: Dynamic loading of agents will be disallowed by default in a future release
]]></system-err>
</testsuite>
